<?xml version="1.0" encoding="UTF-8"?>
<testng-results ignored="0" total="1" passed="1" failed="0" skipped="0">
  <reporter-output>
  </reporter-output>
  <suite started-at="2023-04-26T03:41:32 IST" name="Default suite" finished-at="2023-04-26T03:41:33 IST" duration-ms="92">
    <groups>
    </groups>
    <test started-at="2023-04-26T03:41:32 IST" name="Default test" finished-at="2023-04-26T03:41:33 IST" duration-ms="92">
      <class name="practise.Practise">
        <test-method signature="sample()[pri:0, instance:practise.Practise@2b6faea6]" started-at="2023-04-26T03:41:33 IST" name="sample" finished-at="2023-04-26T03:41:33 IST" duration-ms="20" status="PASS">
          <reporter-output>
          </reporter-output>
        </test-method> <!-- sample -->
      </class> <!-- practise.Practise -->
    </test> <!-- Default test -->
  </suite> <!-- Default suite -->
</testng-results>
