<?xml version="1.0" encoding="UTF-8"?>
<testng-results ignored="0" total="1" passed="1" failed="0" skipped="0">
  <reporter-output>
  </reporter-output>
  <suite started-at="2023-04-26T05:20:03 IST" name="Default suite" finished-at="2023-04-26T05:20:03 IST" duration-ms="82">
    <groups>
    </groups>
    <test started-at="2023-04-26T05:20:03 IST" name="Default test" finished-at="2023-04-26T05:20:03 IST" duration-ms="82">
      <class name="practise.Demo">
        <test-method signature="demo()[pri:0, instance:practise.Demo@75329a49]" started-at="2023-04-26T05:20:03 IST" name="demo" finished-at="2023-04-26T05:20:03 IST" duration-ms="15" status="PASS">
          <reporter-output>
          </reporter-output>
        </test-method> <!-- demo -->
      </class> <!-- practise.Demo -->
    </test> <!-- Default test -->
  </suite> <!-- Default suite -->
</testng-results>
